2025-05-21 13:02:13,658 - Observation: [5.00000000e-01 0.00000000e+00 9.54998005e-03 5.00000000e-01
 5.00000000e-01 5.00000000e-01 5.00000000e-01 0.00000000e+00
 1.77999884e-02 5.00000000e-01 5.00000000e-01 5.00000000e-01
 5.00000000e-01 0.00000000e+00 1.10000614e-02 5.00000000e-01
 5.00000000e-01 5.00000000e-01 5.00000000e-01 0.00000000e+00
 3.08000185e-02 5.00000000e-01 5.00000000e-01 5.00000000e-01
 1.00000000e+00 0.00000000e+00 1.00000000e+00 5.00000000e-01
 5.00000000e-01 5.00000000e-01 5.00000000e-01 0.00000000e+00
 0.00000000e+00 0.00000000e+00 0.00000000e+00 3.45512664e+01
 0.00000000e+00 5.00000000e-01 0.00000000e+00 0.00000000e+00
 1.33636239e+01 0.00000000e+00 5.00000000e-01 0.00000000e+00
 0.00000000e+00 1.52625160e+01 0.00000000e+00 5.00000000e-01
 0.00000000e+00 0.00000000e+00 1.06236060e+01 0.00000000e+00
 5.00000000e-01 5.00000000e-01 5.00000000e-01 5.00000000e-01
 5.00000000e-01 5.00000000e-01 5.00000000e-01 5.00000000e-01
 0.00000000e+00 0.00000000e+00 9.99999943e-01 0.00000000e+00
 0.00000000e+00 9.99999943e-01 0.00000000e+00 0.00000000e+00
 9.99999943e-01 0.00000000e+00 0.00000000e+00 9.99999943e-01]
2025-05-21 13:02:13,893 - Observation: [1.00000000e+00 5.00000000e-01 8.37499648e-03 5.00137508e-01
 5.00137508e-01 5.00000000e-01 1.00000000e+00 5.00000000e-01
 2.29000095e-02 5.02425015e-01 5.02425015e-01 5.00000000e-01
 0.00000000e+00 5.00000000e-01 1.17250057e-02 4.99725014e-01
 4.99725014e-01 5.00000000e-01 0.00000000e+00 5.00000000e-01
 2.77999882e-02 4.99549985e-01 4.99549985e-01 5.00000000e-01
 9.98121023e-01 1.87899999e-03 1.00000000e+00 5.00000000e-01
 5.00000000e-01 5.00000000e-01 5.04999995e-01 0.00000000e+00
 2.00000003e-01 0.00000000e+00 0.00000000e+00 3.44209335e+01
 0.00000000e+00 5.00000000e-01 0.00000000e+00 0.00000000e+00
 1.31678227e+01 0.00000000e+00 5.00000000e-01 0.00000000e+00
 0.00000000e+00 1.52594549e+01 0.00000000e+00 5.00000000e-01
 1.00000000e+00 2.00000000e-02 1.06239599e+01 1.87899994e-03
 5.00000000e-01 9.35097635e-02 5.00000000e-01 5.00000000e-01
 2.57142872e-01 5.00000000e-01 5.00000000e-01 5.00000000e-01
 2.85714269e-02 0.00000000e+00 9.71428516e-01 2.85714269e-02
 0.00000000e+00 9.71428516e-01 2.28571416e-01 0.00000000e+00
 7.71428527e-01 0.00000000e+00 0.00000000e+00 9.99999943e-01]
2025-05-21 13:02:13,894 - Step 1 at Episode 0  Reward details: Short-term: -0.3011743663238124 Long-term: -0.15085787793613906 Total Reward (clipped): -0.15069546107159934
2025-05-21 13:02:13,894 - Step 1 | Invalid Action Penalty: -5.0
2025-05-21 13:02:13,894 -  Current Total Reward: -5.150695461071599

2025-05-21 13:02:14,515 - Observation: [ 0.00000000e+00  1.28656894e-01  1.06333289e-02  4.98516679e-01
  4.98516679e-01  5.00000000e-01  1.00000000e+00  5.62119856e-02
  2.84000151e-02  5.02883315e-01  5.02883315e-01  5.00000000e-01
  1.00000000e+00  6.21385500e-02  1.30000301e-02  5.01366675e-01
  5.01366675e-01  5.00000000e-01  0.00000000e+00  6.55053630e-02
  3.02666221e-02  4.96200025e-01  4.96200025e-01  5.00000000e-01
  9.98661518e-01  1.31750002e-03  9.99979019e-01  4.99895006e-01
  5.00000000e-01  4.98950005e-01  5.04999697e-01  0.00000000e+00
  4.00000006e-01  0.00000000e+00  0.00000000e+00  3.50100443e+01
  0.00000000e+00  5.00000000e-01  0.00000000e+00  0.00000000e+00
  1.31092347e+01  0.00000000e+00  5.00000000e-01  1.00000000e+00
  2.00000000e-02  1.51599469e+01  1.31752767e-03  5.00000000e-01
 -1.00000000e+00  0.00000000e+00  1.07498545e+01  0.00000000e+00
  5.00000000e-01  1.03100330e-01  3.08151007e-01  4.33813661e-01
  6.96545318e-02  3.08151007e-01  3.79712194e-01  5.65176681e-02
  1.59185379e-01  0.00000000e+00  8.40814528e-01  5.53262097e-02
  0.00000000e+00  9.44673698e-01  1.13098041e-01  2.33446021e-01
  6.53455844e-01  3.26301715e-01  0.00000000e+00  6.73698192e-01]
2025-05-21 13:02:14,516 - Step 2 at Episode 0  Reward details: Short-term: -0.3015027769438152 Long-term: -0.15787695078008954 Total Reward (clipped): -0.1536016133951804
2025-05-21 13:02:14,516 - Step 2 | Invalid Action Penalty: -5.0
2025-05-21 13:02:14,516 -  Current Total Reward: -5.15360161339518

2025-05-21 13:02:15,489 - Observation: [0.00000000e+00 1.80843532e-01 1.46000003e-02 4.95221883e-01
 4.95221883e-01 5.00000000e-01 2.74070770e-01 1.32277220e-01
 3.20500173e-02 4.98487473e-01 4.98487473e-01 5.00000000e-01
 0.00000000e+00 1.12273730e-01 1.62875373e-02 4.97274995e-01
 4.97274995e-01 5.00000000e-01 0.00000000e+00 8.06344822e-02
 3.26499566e-02 4.90887523e-01 4.90887523e-01 5.00000000e-01
 9.95859981e-01 4.09899978e-03 9.99958992e-01 4.99895006e-01
 4.99900013e-01 4.97950017e-01 4.93172735e-01 0.00000000e+00
 6.00000024e-01 0.00000000e+00 0.00000000e+00 3.61506481e+01
 0.00000000e+00 5.00000000e-01 1.00000000e+00 2.00000000e-02
 1.32428197e+01 1.50406161e-03 5.00000000e-01 1.00000000e+00
 4.00000000e-02 1.53504432e+01 2.59510640e-03 4.96175908e-01
 0.00000000e+00 0.00000000e+00 1.09159264e+01 0.00000000e+00
 5.00000000e-01 2.20737472e-01 6.36159897e-01 2.90925860e-01
 8.53479877e-02 6.36159897e-01 8.87170792e-01 1.33561149e-01
 3.12212179e-01 4.76038835e-02 6.40183893e-01 6.28303727e-02
 1.95329629e-02 9.17636619e-01 0.00000000e+00 7.68010043e-02
 9.23198951e-01 1.97555501e-01 8.56830709e-02 7.16761383e-01]
2025-05-21 13:02:15,490 - Step 3 at Episode 0  Reward details: Short-term: -0.30550067734444286 Long-term: -0.15862528821646504 Total Reward (clipped): -0.15510031848991887
2025-05-21 13:02:15,490 - Step 3 | Invalid Action Penalty: -5.0
2025-05-21 13:02:15,490 -  Current Total Reward: -5.155100318489919

2025-05-21 13:02:16,542 - Observation: [ 7.27586985e-01  3.10014457e-01  1.49899982e-02  5.00397503e-01
  5.00397503e-01  5.00000000e-01  1.00000000e+00  1.39246538e-01
  3.15600298e-02  5.04589975e-01  5.04589975e-01  5.00000000e-01
  1.00000000e+00  1.34716451e-01  1.68700255e-02  5.02099991e-01
  5.02099991e-01  5.00000000e-01  0.00000000e+00  7.00153410e-02
  3.62399891e-02  4.90669996e-01  4.90669996e-01  5.00000000e-01
  9.96820927e-01  3.20985005e-03  1.00003076e+00  5.00039995e-01
  5.00114024e-01  5.01540005e-01  4.84669685e-01  1.42857149e-01
  6.00000024e-01  1.00000000e+00  2.00000000e-02  3.48508319e+01
  5.72032400e-04  5.00000000e-01 -1.00000000e+00  0.00000000e+00
  1.30048393e+01  0.00000000e+00  5.00000000e-01  0.00000000e+00
  4.00000000e-02  1.51159444e+01  2.63771875e-03  5.04359462e-01
  0.00000000e+00  0.00000000e+00  1.09878851e+01  0.00000000e+00
  5.00000000e-01  1.88039765e-01  1.27222344e-01  6.74883500e-02
  2.30189756e-01  1.27222344e-01  2.82353580e-01  1.76021382e-01
  5.33808709e-02  9.29145624e-01  1.74732802e-02  1.00125183e-02
  5.13166162e-01  4.76821095e-01  1.06373153e-04  1.62302807e-01
  8.37590595e-01  6.05997890e-01  1.86661748e-01  2.07340138e-01]
2025-05-21 13:02:16,542 - Step 4 at Episode 0  Reward details: Short-term: -0.012091229379782907 Long-term: -0.15923585139292215 Total Reward (clipped): 0.07697143507295318
2025-05-21 13:02:16,542 - Step 4 | Invalid Action Penalty: -1.0
2025-05-21 13:02:16,543 -  Current Total Reward: -0.9230285649270469

2025-05-21 13:02:17,583 - Observation: [3.56896788e-01 3.17202330e-01 1.55400084e-02 4.98091668e-01
 4.98091668e-01 5.00000000e-01 9.28568721e-01 1.34362981e-01
 3.61600034e-02 5.03283322e-01 5.03283322e-01 5.00000000e-01
 8.06077838e-01 1.36130810e-01 1.77399907e-02 5.00885427e-01
 5.00885427e-01 5.00000000e-01 0.00000000e+00 6.74908981e-02
 4.34399731e-02 4.84475017e-01 4.84475017e-01 5.00000000e-01
 9.95651722e-01 4.36004996e-03 1.00001180e+00 5.00039995e-01
 5.00018775e-01 5.00587523e-01 4.92855370e-01 1.11111112e-01
 6.99999988e-01 1.00000000e+00 3.00000000e-02 3.54766321e+01
 8.41940123e-04 4.93696489e-01 0.00000000e+00 0.00000000e+00
 1.30116537e+01 0.00000000e+00 5.00000000e-01 0.00000000e+00
 4.00000000e-02 1.51458704e+01 2.62946923e-03 5.02772490e-01
 1.00000000e+00 1.00000000e-02 1.12047231e+01 8.88589565e-04
 5.00000000e-01 1.75972834e-01 5.08145213e-01 2.29741275e-01
 2.78033108e-01 5.08145213e-01 8.23708236e-01 5.07360578e-01
 5.08221524e-02 2.92856523e-01 6.56321268e-01 1.14269762e-01
 2.25267023e-02 8.63203480e-01 4.75202703e-02 2.61062109e-01
 6.91417564e-01 6.34476092e-02 2.90480327e-01 6.46072008e-01]
2025-05-21 13:02:17,584 - Step 5 at Episode 0  Reward details: Short-term: -0.07749594475259318 Long-term: -0.1566984202583707 Total Reward (clipped): -0.08592815152912622
2025-05-21 13:02:17,584 - Step 5 | Invalid Action Penalty: -5.0
2025-05-21 13:02:17,584 -  Current Total Reward: -5.085928151529126

2025-05-30 19:59:34,690 - Observation: [5.00000000e-01 0.00000000e+00 9.54998005e-03 5.00000000e-01
 5.00000000e-01 5.00000000e-01 5.00000000e-01 0.00000000e+00
 1.77999884e-02 5.00000000e-01 5.00000000e-01 5.00000000e-01
 5.00000000e-01 0.00000000e+00 1.10000614e-02 5.00000000e-01
 5.00000000e-01 5.00000000e-01 5.00000000e-01 0.00000000e+00
 3.08000185e-02 5.00000000e-01 5.00000000e-01 5.00000000e-01
 1.00000000e+00 0.00000000e+00 1.00000000e+00 5.00000000e-01
 5.00000000e-01 5.00000000e-01 5.00000000e-01 0.00000000e+00
 0.00000000e+00 0.00000000e+00 0.00000000e+00 3.45512664e+01
 0.00000000e+00 5.00000000e-01 0.00000000e+00 0.00000000e+00
 1.33636239e+01 0.00000000e+00 5.00000000e-01 0.00000000e+00
 0.00000000e+00 1.52625160e+01 0.00000000e+00 5.00000000e-01
 0.00000000e+00 0.00000000e+00 1.06236060e+01 0.00000000e+00
 5.00000000e-01 5.00000000e-01 5.00000000e-01 5.00000000e-01
 5.00000000e-01 5.00000000e-01 5.00000000e-01 5.00000000e-01
 0.00000000e+00 0.00000000e+00 9.99999943e-01 0.00000000e+00
 0.00000000e+00 9.99999943e-01 0.00000000e+00 0.00000000e+00
 9.99999943e-01 0.00000000e+00 0.00000000e+00 9.99999943e-01]
2025-05-30 19:59:34,941 - Observation: [1.00000000e+00 5.00000000e-01 8.37499648e-03 5.00137508e-01
 5.00137508e-01 5.00000000e-01 1.00000000e+00 5.00000000e-01
 2.29000095e-02 5.02425015e-01 5.02425015e-01 5.00000000e-01
 0.00000000e+00 5.00000000e-01 1.17250057e-02 4.99725014e-01
 4.99725014e-01 5.00000000e-01 0.00000000e+00 5.00000000e-01
 2.77999882e-02 4.99549985e-01 4.99549985e-01 5.00000000e-01
 9.98121023e-01 1.87899999e-03 1.00000000e+00 5.00000000e-01
 5.00000000e-01 5.00000000e-01 5.04999995e-01 0.00000000e+00
 3.00000012e-01 0.00000000e+00 0.00000000e+00 3.44209335e+01
 0.00000000e+00 5.00000000e-01 0.00000000e+00 0.00000000e+00
 1.31678227e+01 0.00000000e+00 5.00000000e-01 0.00000000e+00
 0.00000000e+00 1.52594549e+01 0.00000000e+00 5.00000000e-01
 1.00000000e+00 2.00000000e-02 1.06239599e+01 1.87899994e-03
 5.00000000e-01 9.35097635e-02 5.00000000e-01 5.00000000e-01
 2.57142872e-01 5.00000000e-01 5.00000000e-01 5.00000000e-01
 2.85714269e-02 0.00000000e+00 9.71428516e-01 2.85714269e-02
 0.00000000e+00 9.71428516e-01 2.28571416e-01 0.00000000e+00
 7.71428527e-01 0.00000000e+00 0.00000000e+00 9.99999943e-01]
2025-05-30 19:59:34,942 - Step 1 at Episode 0  Reward details: Short-term: -0.30000000000000004 Long-term: -0.14898638897263927 Total Reward (clipped): -0.1495945555890557
2025-05-30 19:59:34,942 - Step 1 | Invalid Action Penalty: -5.0
2025-05-30 19:59:34,942 -  Current Total Reward: -5.149594555589056

2025-05-30 19:59:35,617 - Observation: [0.00000000e+00 1.28656894e-01 1.06333289e-02 4.98516679e-01
 4.98516679e-01 5.00000000e-01 1.00000000e+00 5.62119856e-02
 2.84000151e-02 5.02883315e-01 5.02883315e-01 5.00000000e-01
 1.00000000e+00 6.21385500e-02 1.30000301e-02 5.01366675e-01
 5.01366675e-01 5.00000000e-01 0.00000000e+00 6.55053630e-02
 3.02666221e-02 4.96200025e-01 4.96200025e-01 5.00000000e-01
 9.96597409e-01 3.38160014e-03 9.99979019e-01 5.00000000e-01
 4.99895006e-01 4.98950005e-01 5.04999697e-01 0.00000000e+00
 4.00000006e-01 0.00000000e+00 0.00000000e+00 3.49376832e+01
 0.00000000e+00 5.00000000e-01 1.00000000e+00 2.00000000e-02
 1.30821396e+01 1.52363200e-03 5.00000000e-01 0.00000000e+00
 0.00000000e+00 1.51286133e+01 0.00000000e+00 5.00000000e-01
 0.00000000e+00 2.00000000e-02 1.07276360e+01 1.85803905e-03
 4.94411945e-01 1.03236854e-01 3.08151007e-01 4.33813661e-01
 6.96545318e-02 3.08151007e-01 3.79712194e-01 5.65176681e-02
 1.59185379e-01 0.00000000e+00 8.40814528e-01 7.88308501e-02
 0.00000000e+00 9.21169057e-01 1.13098041e-01 2.33446021e-01
 6.53455844e-01 3.26301715e-01 0.00000000e+00 6.73698192e-01]
2025-05-30 19:59:35,619 - Step 2 at Episode 0  Reward details: Short-term: -0.30340069645563983 Long-term: -0.15820332590592803 Total Reward (clipped): -0.15430153929906315
2025-05-30 19:59:35,619 - Step 2 | Invalid Action Penalty: -5.0
2025-05-30 19:59:35,619 -  Current Total Reward: -5.154301539299063

2025-05-30 19:59:36,625 - Observation: [0.00000000e+00 1.80843532e-01 1.46000003e-02 4.95221883e-01
 4.95221883e-01 5.00000000e-01 2.74070770e-01 1.32277220e-01
 3.20500173e-02 4.98487473e-01 4.98487473e-01 5.00000000e-01
 0.00000000e+00 1.12273730e-01 1.62875373e-02 4.97274995e-01
 4.97274995e-01 5.00000000e-01 0.00000000e+00 8.06344822e-02
 3.26499566e-02 4.90887523e-01 4.90887523e-01 5.00000000e-01
 9.95093405e-01 4.83259978e-03 9.99925971e-01 5.00000000e-01
 4.99630004e-01 4.96300012e-01 5.04996359e-01 0.00000000e+00
 4.00000006e-01 0.00000000e+00 0.00000000e+00 3.61228198e+01
 0.00000000e+00 5.00000000e-01 1.00000000e+00 4.00000000e-02
 1.32326255e+01 3.00822249e-03 4.96763102e-01 0.00000000e+00
 0.00000000e+00 1.53386266e+01 0.00000000e+00 5.00000000e-01
 0.00000000e+00 2.00000000e-02 1.09075234e+01 1.82473510e-03
 4.85524249e-01 2.20800683e-01 6.36045039e-01 2.89666086e-01
 8.53479877e-02 6.36045039e-01 8.87048185e-01 1.33486509e-01
 3.12087987e-01 4.76124792e-02 6.40299488e-01 6.27571850e-02
 1.95364899e-02 9.17706280e-01 0.00000000e+00 1.08004547e-01
 8.91995408e-01 1.97506640e-01 8.56985423e-02 7.16794773e-01]
2025-05-30 19:59:36,626 - Step 3 at Episode 0  Reward details: Short-term: -0.30527211747202737 Long-term: -0.15762226957990358 Total Reward (clipped): -0.15463054307356966
2025-05-30 19:59:36,626 - Step 3 | Invalid Action Penalty: -1.5000000000000002
2025-05-30 19:59:36,626 -  Current Total Reward: -1.65463054307357

2025-05-30 19:59:37,681 - Observation: [7.27586985e-01 3.10014457e-01 1.49899982e-02 5.00397503e-01
 5.00397503e-01 5.00000000e-01 1.00000000e+00 1.39246538e-01
 3.15600298e-02 5.04589975e-01 5.04589975e-01 5.00000000e-01
 1.00000000e+00 1.34716451e-01 1.68700255e-02 5.02099991e-01
 5.02099991e-01 5.00000000e-01 0.00000000e+00 7.00153410e-02
 3.62399891e-02 4.90669996e-01 4.90669996e-01 5.00000000e-01
 9.93560374e-01 6.41340017e-03 9.99973774e-01 5.00000000e-01
 4.99868989e-01 4.98690009e-01 5.05004287e-01 0.00000000e+00
 5.00000000e-01 0.00000000e+00 0.00000000e+00 3.47368366e+01
 0.00000000e+00 5.00000000e-01 1.00000000e+00 6.00000000e-02
 1.29623011e+01 4.59912059e-03 5.04209985e-01 0.00000000e+00
 0.00000000e+00 1.50665009e+01 0.00000000e+00 5.00000000e-01
 0.00000000e+00 2.00000000e-02 1.09519443e+01 1.81444756e-03
 4.82810028e-01 1.88217387e-01 1.27996787e-01 6.70809671e-02
 2.48967811e-01 1.27996787e-01 2.82350093e-01 1.75856009e-01
 5.32242704e-02 9.25059717e-01 2.17157892e-02 1.01604672e-02
 5.08909731e-01 4.80929579e-01 3.23886817e-04 1.61855882e-01
 8.37820008e-01 6.03051902e-01 1.86223980e-01 2.10723895e-01]
2025-05-30 19:59:37,682 - Step 4 at Episode 0  Reward details: Short-term: -0.30186671886374694 Long-term: -0.15934403904531003 Total Reward (clipped): -0.15334162846963093
2025-05-30 19:59:37,682 - Step 4 | Invalid Action Penalty: -5.0
2025-05-30 19:59:37,682 -  Current Total Reward: -5.153341628469631

2025-05-30 19:59:38,654 - Observation: [ 3.56896788e-01  3.17202330e-01  1.55400084e-02  4.98091668e-01
  4.98091668e-01  5.00000000e-01  9.28568721e-01  1.34362981e-01
  3.61600034e-02  5.03283322e-01  5.03283322e-01  5.00000000e-01
  8.06077838e-01  1.36130810e-01  1.77399907e-02  5.00885427e-01
  5.00885427e-01  5.00000000e-01  0.00000000e+00  6.74908981e-02
  4.34399731e-02  4.84475017e-01  4.84475017e-01  5.00000000e-01
  9.94776309e-01  5.15249977e-03  9.99928772e-01  4.99491006e-01
  5.00153005e-01  4.96439993e-01  5.04985392e-01  0.00000000e+00
  6.00000024e-01  1.00000000e+00  2.00000000e-02  3.54454403e+01
  5.61339978e-04  5.00000000e-01  0.00000000e+00  6.00000000e-02
  1.30002136e+01  4.59152672e-03  5.03354802e-01  0.00000000e+00
  0.00000000e+00  1.51325538e+01  0.00000000e+00  5.00000000e-01
 -1.00000000e+00  0.00000000e+00  1.11948716e+01  0.00000000e+00
  5.00000000e-01  1.76092580e-01  5.08015931e-01  2.29994193e-01
  2.75274307e-01  5.08015931e-01  8.24000001e-01  5.07134736e-01
  5.08350829e-02  2.64181020e-01  6.84983841e-01  1.14298835e-01
  2.25324337e-02  8.63168675e-01  4.75323607e-02  2.31962710e-01
  7.20504873e-01  6.34637519e-02  2.90299806e-01  6.46236386e-01]
2025-05-30 19:59:38,655 - Step 5 at Episode 0  Reward details: Short-term: -0.3039619262188349 Long-term: -0.1585999724883784 Total Reward (clipped): -0.15462856686100182
2025-05-30 19:59:38,655 - Step 5 | Invalid Action Penalty: -5.0
2025-05-30 19:59:38,655 -  Current Total Reward: -5.1546285668610015

2025-05-30 19:59:39,673 - Observation: [4.65511829e-02 3.16971600e-01 1.63900070e-02 4.96435702e-01
 4.96435702e-01 5.00000000e-01 1.00000000e+00 1.37514785e-01
 3.87200005e-02 5.05557179e-01 5.05557179e-01 5.00000000e-01
 2.40653992e-01 1.37430772e-01 2.37100217e-02 4.98166054e-01
 4.98166054e-01 5.00000000e-01 0.00000000e+00 9.20460373e-02
 4.87999879e-02 4.86050010e-01 4.86050010e-01 5.00000000e-01
 9.92921352e-01 7.03685032e-03 9.99958217e-01 4.99491006e-01
 5.00299990e-01 4.97910023e-01 4.93175775e-01 0.00000000e+00
 6.00000024e-01 1.00000000e+00 4.00000000e-02 3.59558703e+01
 1.10464616e-03 4.95959045e-01 0.00000000e+00 6.00000000e-02
 1.28683424e+01 4.62979374e-03 5.07564821e-01 1.00000000e+00
 2.00000000e-02 1.52446375e+01 1.30270445e-03 5.00000000e-01
 0.00000000e+00 0.00000000e+00 1.11928910e+01 0.00000000e+00
 5.00000000e-01 2.06618011e-01 5.53616464e-01 3.27348560e-01
 2.56969512e-01 5.53616464e-01 6.43167436e-01 5.55532694e-01
 2.96379134e-01 1.09355486e-01 5.94265328e-01 9.02294373e-02
 8.08352767e-02 8.28935234e-01 2.84952764e-01 1.20781856e-01
 5.94265328e-01 3.86207371e-02 1.93145253e-01 7.68233958e-01]
2025-05-30 19:59:39,674 - Step 6 at Episode 0  Reward details: Short-term: -0.3046064474901219 Long-term: -0.15672114982820645 Total Reward (clipped): -0.15348238606064335
2025-05-30 19:59:39,674 - Step 6 | Invalid Action Penalty: -1.0
2025-05-30 19:59:39,674 -  Current Total Reward: -1.1534823860606433

2025-05-30 19:59:40,808 - Observation: [ 8.79301578e-02  2.62912810e-01  1.82600096e-02  4.97641057e-01
  4.97143745e-01  5.00000000e-01  1.00000000e+00  9.49682370e-02
  3.94000262e-02  5.09464264e-01  5.10550022e-01  5.00000000e-01
  0.00000000e+00  1.21469386e-01  2.63600163e-02  4.95914310e-01
  4.95814085e-01  5.00000000e-01  0.00000000e+00  8.35559890e-02
  4.81999815e-02  4.84864265e-01  4.82631236e-01  5.00000000e-01
  9.94398654e-01  5.62817510e-03  1.00002682e+00  4.99719501e-01
  5.00414491e-01  5.01340032e-01  4.32350636e-01  9.09090936e-02
  6.99999988e-01 -1.00000000e+00  2.00000000e-02  3.59312973e+01
  5.53485151e-04  4.97036622e-01 -1.00000000e+00  4.00000000e-02
  1.26739566e+01  3.13831586e-03  5.16116297e-01  1.00000000e+00
  3.00000000e-02  1.54068803e+01  1.93622321e-03  4.96971388e-01
  0.00000000e+00  0.00000000e+00  1.13606608e+01  0.00000000e+00
  5.00000000e-01  2.23995477e-01  5.58885813e-01  5.67730963e-01
  2.63016880e-01  5.58885813e-01  7.54007161e-01  5.84401429e-01
  9.73638598e-02  6.02013265e-02  8.42434763e-01  3.18555992e-02
  2.30422308e-01  7.37722042e-01  3.01866818e-01  2.10521589e-02
  6.77080972e-01  1.22202205e-01  1.68155746e-01  7.09641997e-01]
2025-05-30 19:59:40,810 - Step 7 at Episode 0  Reward details: Short-term: -0.11447678108768392 Long-term: -0.16655341630272077 Total Reward (clipped): -0.008683314393868977
2025-05-30 19:59:40,810 - Step 7 | Invalid Action Penalty: -5.0
2025-05-30 19:59:40,810 -  Current Total Reward: -5.008683314393869

2025-05-30 19:59:41,978 - Observation: [0.00000000e+00 1.69041023e-01 1.72100067e-02 4.93946433e-01
 4.92650002e-01 5.00000000e-01 3.74656111e-01 1.98864266e-01
 4.20000292e-02 4.97835726e-01 4.99288887e-01 5.00000000e-01
 0.00000000e+00 7.17760324e-02 2.72300113e-02 4.90908921e-01
 4.90445822e-01 5.00000000e-01 0.00000000e+00 7.77864754e-02
 5.50399795e-02 4.84521419e-01 4.79449987e-01 5.00000000e-01
 9.92140651e-01 7.73434993e-03 9.99874949e-01 4.99719501e-01
 4.99655366e-01 4.93748754e-01 4.07786906e-01 7.14285746e-02
 6.99999988e-01 0.00000000e+00 2.00000000e-02 3.73090382e+01
 5.31916517e-04 4.77595196e-01 1.00000000e+00 5.00000000e-02
 1.30219267e+01 3.80997646e-03 5.00946810e-01 1.00000000e+00
 4.00000000e-02 1.56909795e+01 2.52951623e-03 4.90083798e-01
 1.00000000e+00 1.00000000e-02 1.14857682e+01 8.63907983e-04
 5.00000000e-01 1.91007748e-01 7.42845535e-01 5.58007061e-01
 2.36331522e-01 7.42845535e-01 7.81120718e-01 7.10506976e-01
 2.36392732e-02 2.20246876e-01 7.56113812e-01 7.22160969e-02
 6.78650891e-04 9.27105214e-01 1.54775882e-02 2.30781141e-01
 7.53741232e-01 5.48822957e-02 1.38463078e-01 8.06654588e-01]
2025-05-30 19:59:41,979 - Step 8 at Episode 0  Reward details: Short-term: -0.167167472693799 Long-term: -0.1708823768901872 Total Reward (clipped): -0.11850319256421457
2025-05-30 19:59:41,979 - Step 8 | Invalid Action Penalty: -5.0
2025-05-30 19:59:41,979 -  Current Total Reward: -5.118503192564215

2025-05-30 19:59:43,258 - Observation: [ 7.79626146e-02  2.09300861e-01  1.69200059e-02  4.96130347e-01
  4.94228750e-01  5.00000000e-01  4.95868996e-02  2.11226568e-01
  4.21200246e-02  4.92771447e-01  4.94049996e-01  5.00000000e-01
  1.10496953e-01  1.02680519e-01  2.92500146e-02  4.94083911e-01
  4.92751241e-01  5.00000000e-01  1.10967822e-01  1.10900648e-01
  5.33199757e-02  4.92864281e-01  4.85374987e-01  5.00000000e-01
  9.91773129e-01  8.06719996e-03  9.99840319e-01  4.99666512e-01
  4.99535114e-01  4.92016256e-01  3.50157708e-01  6.25000000e-02
  6.99999988e-01 -1.00000000e+00  1.00000000e-02  3.70340963e+01
  2.67842775e-04  4.80962653e-01  0.00000000e+00  5.00000000e-02
  1.32218784e+01  3.75109906e-03  4.93188346e-01  1.00000000e+00
  5.00000000e-02  1.56110994e+01  3.17700723e-03  4.93908733e-01
  0.00000000e+00  1.00000000e-02  1.13683305e+01  8.72539301e-04
  5.04978008e-01  2.41153687e-01  7.39295125e-01  5.78250408e-01
  2.38494813e-01  7.39295125e-01  7.79322267e-01  7.08340526e-01
  5.41317979e-02  5.18819582e-02  8.93986205e-01  2.65376319e-01
  3.33488803e-04  7.34290153e-01  2.12652458e-02  1.13504506e-01
  8.65230210e-01  1.37486622e-02  9.28949648e-02  8.93356334e-01]
2025-05-30 19:59:43,259 - Step 9 at Episode 0  Reward details: Short-term: -0.18716715906670578 Long-term: -0.18400283835262984 Total Reward (clipped): -0.12975128306106368
2025-05-30 19:59:43,259 - Step 9 | Invalid Action Penalty: -1.0
2025-05-30 19:59:43,259 -  Current Total Reward: -1.1297512830610636

2025-05-30 19:59:44,620 - Observation: [ 5.71725845e-01  3.41490030e-01  1.65199973e-02  5.01767874e-01
  5.00151157e-01  5.00000000e-01  5.67492843e-01  2.57382512e-01
  4.11600359e-02  5.00964284e-01  5.03136337e-01  5.00000000e-01
  8.21362555e-01  2.18540221e-01  2.89900210e-02  5.03316045e-01
  5.02182961e-01  5.00000000e-01  5.14839411e-01  2.33943179e-01
  5.58399670e-02  5.09128571e-01  5.00931859e-01  5.00000000e-01
  9.92427707e-01  7.64627475e-03  1.00007403e+00  4.99723822e-01
  5.00646174e-01  5.03700018e-01  3.47743183e-01  1.17647059e-01
  6.99999988e-01  0.00000000e+00  1.00000000e-02  3.54850344e+01
  2.79654312e-04  5.02289880e-01  0.00000000e+00  5.00000000e-02
  1.29071106e+01  3.84421550e-03  5.05549268e-01 -1.00000000e+00
  4.00000000e-02  1.51608271e+01  2.61820622e-03  5.08913361e-01
  0.00000000e+00  1.00000000e-02  1.09818269e+01  9.03633159e-04
  5.23095657e-01  2.20977366e-01  2.35112563e-01  4.09539849e-01
  3.03996295e-01  2.35112563e-01  1.07885025e-01  5.10520220e-01
  3.29594525e-01  2.82585304e-01  3.87820050e-01  0.00000000e+00
  5.27692164e-01  4.72307715e-01  1.45189387e-01  5.22986986e-01
  3.31823506e-01  3.77299038e-02  5.18992842e-01  4.43277132e-01]
2025-05-30 19:59:44,621 - Step 10 at Episode 0  Reward details: Short-term: -0.05861551348233233 Long-term: -0.18197386793270562 Total Reward (clipped): -0.030553643859096292
2025-05-30 19:59:44,621 - Step 10 | Invalid Action Penalty: -1.5000000000000002
2025-05-30 19:59:44,621 -  Current Total Reward: -1.5305536438590965

2025-05-30 19:59:45,824 - Observation: [ 6.12266362e-01  3.41368526e-01  1.70599893e-02  5.02639294e-01
  5.00585437e-01  5.00000000e-01  1.00000000e+00  2.75948197e-01
  4.20000292e-02  5.08764267e-01  5.11399984e-01  5.00000000e-01
  9.61324751e-01  2.07092911e-01  2.65800171e-02  5.05291045e-01
  5.03742695e-01  5.00000000e-01  4.94193792e-01  2.10001543e-01
  6.15599677e-02  5.08692861e-01  5.00120819e-01  5.00000000e-01
  9.95056391e-01  5.12519991e-03  1.00018156e+00  5.00138104e-01
  5.00769794e-01  5.09078741e-01  4.33424205e-01  2.85714298e-01
  6.99999988e-01 -1.00000000e+00  0.00000000e+00  3.54554198e+01
  0.00000000e+00  5.00000000e-01 -1.00000000e+00  4.00000000e-02
  1.26356365e+01  3.14942814e-03  5.17778712e-01 -1.00000000e+00
  3.00000000e-02  1.51132508e+01  1.97484131e-03  5.11867618e-01
 -1.00000000e+00  0.00000000e+00  1.10304444e+01  0.00000000e+00
  5.00000000e-01  2.03116938e-01  1.71205774e-01  6.86159015e-01
  3.35069239e-01  1.71205774e-01  8.35394710e-02  4.49231654e-01
  3.27300442e-01  3.88805109e-01  2.83894283e-01  2.61491612e-01
  5.38776495e-01  1.99731726e-01  6.10317290e-02  5.58251128e-01
  3.80716977e-01  1.65297872e-01  3.94173630e-01  4.40528331e-01]
2025-05-30 19:59:45,824 - Step 11 at Episode 0  Reward details: Short-term: 0.28552466523934733 Long-term: -0.16984016436480398 Total Reward (clipped): 0.18794005836678535
2025-05-30 19:59:45,825 - Step 11 | Invalid Action Penalty: 0.0
2025-05-30 19:59:45,825 -  Current Total Reward: 0.18794005836678535

2025-05-30 19:59:46,994 - Observation: [ 6.01871490e-01  2.08185822e-01  1.33299865e-02  5.02532125e-01
  5.00424981e-01  4.99881417e-01  1.00000000e+00  1.91220894e-01
  4.14800122e-02  5.12871444e-01  5.16661525e-01  5.00567853e-01
  8.74771178e-01  1.46391556e-01  2.31000055e-02  5.04210711e-01
  5.02370179e-01  5.00022054e-01  8.49032521e-01  1.76015526e-01
  5.80399781e-02  5.19514263e-01  5.12803853e-01  4.99760985e-01
  9.93982017e-01  6.24570018e-03  1.00022769e+00  5.00202656e-01
  5.00935972e-01  5.11386275e-01  4.84840453e-01  2.91666657e-01
  8.00000012e-01  0.00000000e+00  0.00000000e+00  3.54487159e+01
  0.00000000e+00  5.00000000e-01  1.00000000e+00  5.00000000e-02
  1.24123627e+01  4.00308849e-03  5.20995990e-01 -1.00000000e+00
  2.00000000e-02  1.51510094e+01  1.31180134e-03  5.10040685e-01
  1.00000000e+00  1.00000000e-02  1.06925778e+01  9.29388346e-04
  5.00000000e-01  2.14780807e-01  1.39499709e-01  5.33753157e-01
  3.22257966e-01  1.39499709e-01  1.29515365e-01  1.64250657e-01
  3.94155961e-02  6.55480836e-01  3.05103363e-01  1.73422517e-01
  5.11531475e-01  3.15045803e-01  2.08460985e-01  4.11281598e-01
  3.80257212e-01  1.68803642e-01  5.57451973e-01  2.73744180e-01]
2025-05-30 19:59:46,995 - Step 12 at Episode 0  Reward details: Short-term: 0.2995454850676263 Long-term: -0.15818361306991294 Total Reward (clipped): 0.033465586920973234
2025-05-30 19:59:46,995 - Step 12 | Invalid Action Penalty: -5.0
2025-05-30 19:59:46,995 -  Current Total Reward: -4.966534413079026

2025-05-30 19:59:48,215 - Observation: [ 7.13098109e-01  2.05976978e-01  1.04899900e-02  5.03374994e-01
  5.01636624e-01  4.99813199e-01  1.00000000e+00  3.82345356e-02
  3.78399976e-02  5.19100010e-01  5.24478555e-01  5.01235366e-01
  1.00000000e+00  1.43237680e-01  1.97200011e-02  5.06648242e-01
  5.05207181e-01  5.00140607e-01  9.21290219e-01  1.83421686e-01
  5.45199886e-02  5.18878579e-01  5.14489293e-01  4.99915689e-01
  9.94097054e-01  6.24624966e-03  1.00034332e+00  5.00230670e-01
  5.01485705e-01  5.17163754e-01  5.23314655e-01  3.07692319e-01
  8.00000012e-01  0.00000000e+00  0.00000000e+00  3.51177955e+01
  0.00000000e+00  5.00000000e-01  1.00000000e+00  6.00000000e-02
  1.21201788e+01  4.91951105e-03  5.27704125e-01  0.00000000e+00
  2.00000000e-02  1.50046713e+01  1.32459535e-03  5.15074613e-01
 -1.00000000e+00  0.00000000e+00  1.06297804e+01  0.00000000e+00
  5.00000000e-01  2.22699583e-01  1.49464771e-01  4.60855484e-01
  3.24663550e-01  1.49464771e-01  2.17996672e-01  1.57456964e-01
  3.09400985e-01  4.83490168e-01  2.07108656e-01  2.26236964e-01
  5.48224456e-01  2.25538389e-01  4.63081670e-01  3.22122555e-01
  2.14795583e-01  7.39074446e-02  8.98151868e-01  2.79404958e-02]
2025-05-30 19:59:48,215 - Step 13 at Episode 0  Reward details: Short-term: 0.34038976202785276 Long-term: -0.1516861539411643 Total Reward (clipped): 0.05977910201505065
2025-05-30 19:59:48,215 - Step 13 | Invalid Action Penalty: -1.0
2025-05-30 19:59:48,215 -  Current Total Reward: -0.9402208979849493

2025-05-30 19:59:49,582 - Observation: [6.45530403e-01 6.49840608e-02 8.09999090e-03 5.02226770e-01
 5.00769138e-01 4.99755204e-01 8.62308979e-01 1.72674954e-01
 3.36799920e-02 5.12314260e-01 5.18226683e-01 5.01930475e-01
 1.00000000e+00 5.73611446e-02 1.70400087e-02 5.05941033e-01
 5.05419970e-01 5.00384092e-01 1.00000000e+00 1.38930991e-01
 4.56399843e-02 5.17600000e-01 5.16790032e-01 5.00135958e-01
 9.86848354e-01 1.34379249e-02 1.00028622e+00 5.00230670e-01
 5.01200676e-01 5.14313757e-01 5.77360690e-01 2.75862068e-01
 8.00000012e-01 0.00000000e+00 0.00000000e+00 3.50630071e+01
 0.00000000e+00 5.00000000e-01 1.00000000e+00 9.00000000e-02
 1.21788025e+01 7.29061277e-03 5.14023628e-01 1.00000000e+00
 5.00000000e-02 1.48683323e+01 3.31767511e-03 5.06282325e-01
 1.00000000e+00 3.00000000e-02 1.04738732e+01 2.82579108e-03
 5.00000000e-01 2.14315325e-01 1.43800616e-01 5.19916296e-01
 3.37714314e-01 1.43800616e-01 1.87579006e-01 1.40758559e-01
 1.59897735e-01 7.08481591e-01 1.31620475e-01 4.30937379e-01
 5.44144134e-01 2.49182885e-02 2.66791475e-01 6.12668698e-01
 1.20539628e-01 3.01696219e-01 5.17868404e-01 1.80435178e-01]
2025-05-30 19:59:49,583 - Step 14 at Episode 0  Reward details: Short-term: 0.26857956712876935 Long-term: -0.14408482885268625 Total Reward (clipped): 0.022939938597556303
2025-05-30 19:59:49,583 - Step 14 | Invalid Action Penalty: -0.5
2025-05-30 19:59:49,583 -  Current Total Reward: -0.4770600614024437

2025-05-30 19:59:50,858 - Observation: [ 5.95633984e-01  6.89148158e-02  7.36998767e-03  5.00603557e-01
  5.00158608e-01  4.99800712e-01  8.60917866e-01  1.64186835e-01
  2.81599723e-02  5.08814275e-01  5.17040610e-01  5.02588630e-01
  1.00000000e+00  6.13778345e-02  1.44899907e-02  5.05989313e-01
  5.07589042e-01  5.00605583e-01  9.70662832e-01  1.40940145e-01
  4.31999527e-02  5.11014283e-01  5.14662504e-01  5.00300884e-01
  9.89524662e-01  1.07805748e-02  1.00030518e+00  5.00502408e-01
  5.01023710e-01  5.15261233e-01  5.61332643e-01  3.00000012e-01
  8.00000012e-01  0.00000000e+00  0.00000000e+00  3.53086410e+01
  0.00000000e+00  5.00000000e-01  0.00000000e+00  9.00000000e-02
  1.22133386e+01  7.28957474e-03  5.13960178e-01 -1.00000000e+00
  1.00000000e-02  1.47894426e+01  6.68870856e-04  5.10363276e-01
  0.00000000e+00  3.00000000e-02  1.05279782e+01  2.81883956e-03
  4.98779435e-01  2.48946786e-01  1.47797897e-01  5.45962334e-01
  3.34026933e-01  1.47797897e-01  1.99010879e-01  1.38131335e-01
  4.79373110e-01  3.39547346e-01  1.81079350e-01  0.00000000e+00
  8.65271538e-01  1.34728269e-01  0.00000000e+00  6.76193052e-01
  3.23806755e-01  2.23093380e-02  5.62126448e-01  4.15564020e-01]
2025-05-30 19:59:50,859 - Step 15 at Episode 0  Reward details: Short-term: 0.3250658657944673 Long-term: -0.14671115555831382 Total Reward (clipped): 0.0633522263522318
2025-05-30 19:59:50,859 - Step 15 | Invalid Action Penalty: -5.0
2025-05-30 19:59:50,859 -  Current Total Reward: -4.936647773647768

2025-05-30 19:59:52,106 - Observation: [7.71309972e-01 1.02640100e-01 6.85999310e-03 5.01524985e-01
 5.02137482e-01 4.99856055e-01 7.87204444e-01 1.59983948e-01
 2.64799800e-02 5.02250016e-01 5.13544083e-01 5.03020704e-01
 9.21822369e-01 6.44191504e-02 1.39400326e-02 5.02344668e-01
 5.05789697e-01 5.00755310e-01 8.86479735e-01 6.91593736e-02
 3.09599601e-02 5.03364325e-01 5.10694146e-01 5.00435531e-01
 9.82311428e-01 1.79233998e-02 1.00023484e+00 5.00502408e-01
 5.00671864e-01 5.11742473e-01 5.71000516e-01 2.72727281e-01
 8.99999976e-01 0.00000000e+00 0.00000000e+00 3.45306773e+01
 0.00000000e+00 5.00000000e-01 1.00000000e+00 1.20000000e-01
 1.22041431e+01 9.65653191e-03 5.07906652e-01 1.00000000e+00
 4.00000000e-02 1.47449926e+01 2.66417443e-03 5.02017838e-01
 1.00000000e+00 6.00000000e-02 1.05251412e+01 5.59848531e-03
 4.97627301e-01 2.44302616e-01 1.52575761e-01 5.55867076e-01
 3.27697545e-01 1.52575761e-01 2.11009219e-01 1.30346075e-01
 4.48604077e-01 5.20929630e-01 3.04661060e-02 2.07565671e-01
 6.03683990e-01 1.88750153e-01 9.94766157e-02 4.56220915e-01
 4.44302282e-01 5.27382555e-01 4.40653683e-01 3.19635752e-02]
2025-05-30 19:59:52,107 - Step 16 at Episode 0  Reward details: Short-term: 0.2586424970886667 Long-term: -0.14670327865902716 Total Reward (clipped): 0.018911437662989146
2025-05-30 19:59:52,107 - Step 16 | Invalid Action Penalty: -5.0
2025-05-30 19:59:52,107 -  Current Total Reward: -4.9810885623370105

2025-05-30 19:59:53,391 - Observation: [7.55717278e-01 9.60259587e-02 6.95999153e-03 5.01021445e-01
 5.01841664e-01 4.99830037e-01 6.98191941e-01 4.95573208e-02
 2.43999641e-02 4.96935725e-01 5.09769440e-01 5.03188968e-01
 8.28008294e-01 6.15079738e-02 1.36000672e-02 5.00037491e-01
 5.03838897e-01 5.00834167e-01 8.15050542e-01 6.61774576e-02
 2.95999460e-02 4.98849988e-01 5.07455528e-01 5.00545263e-01
 9.77672935e-01 2.24376991e-02 1.00011063e+00 5.00502408e-01
 5.00050843e-01 5.05532503e-01 7.17662692e-01 2.64705896e-01
 8.99999976e-01 0.00000000e+00 0.00000000e+00 3.44129868e+01
 0.00000000e+00 5.00000000e-01 0.00000000e+00 1.20000000e-01
 1.22438694e+01 9.58093969e-03 5.03868139e-01 0.00000000e+00
 4.00000000e-02 1.47517605e+01 2.65070676e-03 4.99418066e-01
 1.00000000e+00 1.10000000e-01 1.05386761e+01 1.02035706e-02
 4.97062821e-01 2.60311186e-01 1.67617932e-01 5.99453688e-01
 3.26145798e-01 1.67617932e-01 2.50923693e-01 1.29822075e-01
 1.94148959e-01 6.41978198e-01 1.63872672e-01 1.95837686e-01
 6.02535611e-01 2.01626533e-01 5.25041198e-01 3.64098379e-01
 1.10860252e-01 4.01705760e-01 5.18193580e-01 8.01004894e-02]
2025-05-30 19:59:53,392 - Step 17 at Episode 0  Reward details: Short-term: 0.23439534557844977 Long-term: -0.11632460549156434 Total Reward (clipped): 0.02378876147690919
2025-05-30 19:59:53,392 - Step 17 | Invalid Action Penalty: -1.5000000000000002
2025-05-30 19:59:53,392 -  Current Total Reward: -1.476211238523091

2025-05-30 19:59:54,923 - Observation: [6.70478165e-01 9.96606722e-02 9.00998712e-03 4.99896437e-01
 5.00773668e-01 4.99662727e-01 6.55076861e-01 3.44253965e-02
 2.50799861e-02 4.94821429e-01 5.07786870e-01 5.02985537e-01
 8.53841424e-01 6.11856356e-02 1.63600463e-02 5.00133932e-01
 5.04086852e-01 5.00739932e-01 7.70407915e-01 2.08142735e-02
 2.53599547e-02 4.95521426e-01 5.05405247e-01 5.00485003e-01
 9.69733477e-01 3.03052999e-02 1.00003874e+00 5.00502408e-01
 4.99691367e-01 5.01937509e-01 7.42812276e-01 2.50000000e-01
 1.00000000e+00 0.00000000e+00 0.00000000e+00 3.43816151e+01
 0.00000000e+00 5.00000000e-01 0.00000000e+00 1.20000000e-01
 1.21917707e+01 9.54443026e-03 5.01911997e-01 1.00000000e+00
 9.00000000e-02 1.46110202e+01 5.97306879e-03 5.00059525e-01
 1.00000000e+00 1.60000000e-01 1.04926798e+01 1.47866267e-02
 4.96681441e-01 3.11355054e-01 1.99658826e-01 6.05182827e-01
 3.22913557e-01 1.99658826e-01 3.31574947e-01 1.23360425e-01
 3.68153293e-01 3.99189608e-01 2.32656956e-01 5.02335018e-02
 4.94455824e-01 4.55310531e-01 2.21895045e-01 5.42129382e-01
 2.35975430e-01 6.54870322e-01 1.86589387e-01 1.58540148e-01]
2025-05-30 19:59:54,924 - Step 18 at Episode 0  Reward details: Short-term: 0.19689491528434167 Long-term: -0.11478464089778975 Total Reward (clipped): 0.01315461822618659
2025-05-30 19:59:54,924 - Step 18 | Invalid Action Penalty: -5.0
2025-05-30 19:59:54,924 -  Current Total Reward: -4.986845381773813

2025-05-30 19:59:56,626 - Observation: [5.21829426e-01 1.20047115e-01 1.23999938e-02 4.98246431e-01
 4.99036878e-01 4.99434590e-01 5.21558106e-01 3.41761410e-02
 2.67200004e-02 4.91092861e-01 5.02837539e-01 5.02903879e-01
 7.11081028e-01 3.92805822e-02 1.70300603e-02 4.97337490e-01
 5.01388729e-01 5.00854552e-01 7.48724461e-01 2.31791642e-02
 2.38800049e-02 4.95178580e-01 5.04327476e-01 5.00532866e-01
 9.61119831e-01 3.87292765e-02 9.99849081e-01 5.00502408e-01
 4.98743117e-01 4.92455035e-01 7.53113508e-01 2.30769232e-01
 1.00000000e+00 1.00000000e+00 5.00000000e-02 3.45136845e+01
 1.39258513e-03 5.00000000e-01 1.00000000e+00 1.70000000e-01
 1.22310996e+01 1.33606164e-02 4.97066418e-01 1.00000000e+00
 1.40000000e-01 1.45967015e+01 9.21969142e-03 4.97488402e-01
 0.00000000e+00 1.60000000e-01 1.04186431e+01 1.47622276e-02
 4.95767841e-01 3.10373485e-01 3.13961983e-01 6.04252338e-01
 3.12177181e-01 3.13961983e-01 6.24880672e-01 1.49150416e-01
 2.21836818e-01 3.36674854e-01 4.41488237e-01 1.76201134e-01
 3.37390491e-01 4.86408284e-01 1.97104123e-01 2.18648294e-01
 5.84247492e-01 4.92038221e-01 1.98085838e-01 3.09875850e-01]
2025-05-30 19:59:56,627 - Step 19 at Episode 0  Reward details: Short-term: 0.14667519289669445 Long-term: -0.11092047066701163 Total Reward (clipped): -0.0003656303977963224
2025-05-30 19:59:56,627 - Step 19 | Invalid Action Penalty: -0.5
2025-05-30 19:59:56,627 -  Current Total Reward: -0.5003656303977964

2025-05-30 19:59:58,447 - Observation: [ 1.99584112e-01  1.13690794e-01  1.31299971e-02  4.95253563e-01
  4.95392263e-01  4.98990953e-01  4.38109010e-01  3.34652811e-02
  3.32000107e-02  4.90978599e-01  4.99845266e-01  5.02421439e-01
  7.18557954e-01  4.47388254e-02  1.92500297e-02  4.97746408e-01
  5.01453578e-01  5.00491738e-01  7.29591608e-01  2.03716122e-02
  2.82400213e-02  4.95442867e-01  5.03407121e-01  4.99768198e-01
  9.68312442e-01  3.13757509e-02  9.99688208e-01  5.00160217e-01
  4.98280764e-01  4.84409988e-01  5.93902528e-01  2.19512194e-01
  1.00000000e+00  0.00000000e+00  5.00000000e-02  3.57673817e+01
  1.35404720e-03  4.86084934e-01 -1.00000000e+00  1.20000000e-01
  1.24174456e+01  9.36051901e-03  4.93271062e-01 -1.00000000e+00
  9.00000000e-02  1.46997986e+01  5.93037387e-03  4.97696150e-01
  0.00000000e+00  1.60000000e-01  1.05137076e+01  1.47405959e-02
  4.94961706e-01  3.23168039e-01  4.42261666e-01  5.93598247e-01
  3.09397817e-01  4.42261666e-01  8.72178733e-01  3.02185297e-01
  2.07381471e-01  2.38540188e-01  5.54078277e-01  1.21095518e-01
  2.66863548e-01  6.12040869e-01  1.92501259e-01  2.77749584e-01
  5.29749092e-01  4.64694645e-01  1.60345124e-01  3.74960166e-01]
2025-05-30 19:59:58,448 - Step 20 at Episode 0  Reward details: Short-term: 0.12095364719719416 Long-term: -0.13952719096613775 Total Reward (clipped): -0.019524782227296852
2025-05-30 19:59:58,449 - Step 20 | Invalid Action Penalty: -1.0
2025-05-30 19:59:58,449 -  Current Total Reward: -1.0195247822272968

2025-05-30 20:00:00,324 - Observation: [ 1.76713355e-02  8.72147158e-02  1.55400010e-02  4.94144648e-01
  4.93513644e-01  4.98606950e-01  3.33797395e-01  3.45943533e-02
  3.71199958e-02  4.89942878e-01  4.96272743e-01  5.01645207e-01
  4.67029721e-01  7.32502192e-02  2.40399931e-02  4.94139284e-01
  4.96972740e-01  5.00033021e-01  4.92346764e-01  8.94363746e-02
  3.56400460e-02  4.88985717e-01  4.94374990e-01  4.98934984e-01
  9.71326292e-01  2.78692003e-02  9.99195457e-01  4.99733239e-01
  4.96244133e-01  4.59773779e-01  5.42154014e-01  2.09302321e-01
  1.00000000e+00 -1.00000000e+00  1.00000000e-02  3.64680408e+01
  2.66564460e-04  4.78229650e-01  0.00000000e+00  1.20000000e-01
  1.25770586e+01  9.27506242e-03  4.88526854e-01 -1.00000000e+00
  6.00000000e-02  1.49555602e+01  3.89998776e-03  4.90707396e-01
  0.00000000e+00  1.60000000e-01  1.07638109e+01  1.44500251e-02
  4.84965734e-01  3.12055409e-01  4.96463567e-01  6.11884773e-01
  3.05692196e-01  4.96463567e-01  8.18219662e-01  3.95498484e-01
  1.36197645e-01  2.49244342e-01  6.14557956e-01  8.61668709e-02
  1.93871339e-01  7.19961732e-01  1.30501069e-01  4.93431735e-02
  8.20155700e-01  1.26177472e-01  3.83787409e-01  4.90035061e-01]
2025-05-30 20:00:00,326 - Step 21 at Episode 0  Reward details: Short-term: 0.06419882654859849 Long-term: -0.16286611567807976 Total Reward (clipped): -0.04588679830665236
2025-05-30 20:00:00,326 - Step 21 | Invalid Action Penalty: -5.0
2025-05-30 20:00:00,326 -  Current Total Reward: -5.045886798306652

2025-05-30 20:00:02,156 - Observation: [ 8.62780288e-02  1.41171575e-01  1.52300037e-02  4.95844632e-01
  4.94584769e-01  4.98410761e-01  2.68428624e-01  2.58651525e-02
  3.73200066e-02  4.90635723e-01  4.94186968e-01  5.00974476e-01
  3.75255048e-01  6.00810684e-02  2.53799893e-02  4.94092852e-01
  4.95490223e-01  4.99941885e-01  5.44643104e-01  1.06951371e-01
  3.80400680e-02  4.93421435e-01  4.96580452e-01  4.98535842e-01
  9.69756246e-01  2.94298008e-02  9.99186099e-01  4.99504864e-01
  4.96425509e-01  4.59303796e-01  5.13233006e-01  1.95652172e-01
  1.10000002e+00  0.00000000e+00  1.00000000e-02  3.61849367e+01
  2.68218302e-04  4.81192196e-01 -1.00000000e+00  1.00000000e-01
  1.26336145e+01  7.68225299e-03  4.85553810e-01  1.00000000e+00
  8.00000000e-02  1.50093835e+01  5.17301049e-03  4.91065160e-01
  1.00000000e+00  1.80000000e-01  1.06978076e+01  1.63302919e-02
  4.88562202e-01  2.70563751e-01  5.11682630e-01  4.81009364e-01
  3.02911311e-01  5.11682630e-01  8.46534371e-01  4.12496656e-01
  3.08232389e-02  2.75514205e-01  6.93662500e-01  7.61199165e-02
  3.12873417e-01  6.11006611e-01  1.56120267e-01  2.00460059e-01
  6.43419618e-01  8.74875109e-02  3.48161935e-01  5.64350498e-01]
2025-05-30 20:00:02,158 - Step 22 at Episode 0  Reward details: Short-term: 0.03152603158699475 Long-term: -0.17001510442945364 Total Reward (clipped): -0.05854823229568304
2025-05-30 20:00:02,158 - Step 22 | Invalid Action Penalty: 0.0
2025-05-30 20:00:02,158 -  Current Total Reward: -0.05854823229568304

2025-05-30 20:00:04,115 - Observation: [ 2.97297508e-01  2.11638689e-01  1.62000041e-02  4.99196440e-01
  4.97242182e-01  4.98629093e-01  2.65646368e-01  4.02788818e-02
  3.81600037e-02  4.93214279e-01  4.94333327e-01  5.01153648e-01
  6.98844969e-01  1.37058735e-01  2.27999724e-02  5.00628591e-01
  5.01380205e-01  5.00187814e-01  6.21173501e-01  1.22003824e-01
  3.96000668e-02  4.97907162e-01  4.99597907e-01  4.98752028e-01
  9.70778167e-01  2.86141746e-02  9.99392331e-01  4.99313563e-01
  4.97648180e-01  4.69617516e-01  4.50710595e-01  1.83673471e-01
  1.10000002e+00  0.00000000e+00  1.00000000e-02  3.55498726e+01
  2.73241043e-04  4.90304354e-01 -1.00000000e+00  9.00000000e-02
  1.26502242e+01  6.91079915e-03  4.85427271e-01  1.00000000e+00
  9.00000000e-02  1.47534670e+01  5.92560096e-03  5.00097523e-01
 -1.00000000e+00  1.70000000e-01  1.06386649e+01  1.55219319e-02
  4.91795920e-01  3.35520864e-01  4.18903947e-01  5.28790116e-01
  2.95277447e-01  4.18903947e-01  6.32762849e-01  3.95009726e-01
  1.11506627e-01  2.47073198e-01  6.41420107e-01  1.20686123e-01
  3.27342530e-01  5.51971279e-01  2.35719958e-02  4.11549369e-01
  5.64878567e-01  6.81780052e-02  3.39416173e-01  5.92405754e-01]
2025-05-30 20:00:04,117 - Step 23 at Episode 0  Reward details: Short-term: 0.02423728519930108 Long-term: -0.1798348752282703 Total Reward (clipped): -0.06053727434291917
2025-05-30 20:00:04,117 - Step 23 | Invalid Action Penalty: -0.5
2025-05-30 20:00:04,117 -  Current Total Reward: -0.5605372743429191

2025-05-30 20:00:06,023 - Observation: [6.54885530e-01 2.03355625e-01 1.60999987e-02 5.03669620e-01
 5.01480520e-01 4.98827934e-01 4.68706191e-01 1.27700880e-01
 3.89200151e-02 5.01692832e-01 5.01567960e-01 5.01137972e-01
 7.26715326e-01 1.37320727e-01 2.46299896e-02 5.01407146e-01
 5.01816988e-01 5.00018835e-01 7.55102396e-01 1.41796440e-01
 4.14000228e-02 5.03492892e-01 5.04653990e-01 4.98883069e-01
 9.69996154e-01 2.97238994e-02 9.99720097e-01 4.99313563e-01
 4.99286801e-01 4.86003757e-01 3.37586433e-01 1.80000007e-01
 1.10000002e+00 0.00000000e+00 1.00000000e-02 3.44367158e+01
 2.81753865e-04 5.05745573e-01 1.00000000e+00 1.00000000e-01
 1.24040436e+01 7.82218932e-03 4.95191256e-01 0.00000000e+00
 9.00000000e-02 1.47186560e+01 5.93288543e-03 5.00876499e-01
 0.00000000e+00 1.70000000e-01 1.05091673e+01 1.56953941e-02
 4.97454958e-01 3.12379152e-01 3.74612927e-01 4.67081636e-01
 2.90975213e-01 3.74612927e-01 2.80811608e-01 3.65568906e-01
 2.60687272e-01 2.74510631e-01 4.64802022e-01 1.27987443e-01
 2.83318147e-01 5.88694334e-01 7.70926710e-02 3.38511822e-01
 5.84395431e-01 1.51605930e-01 2.52461476e-01 5.95932517e-01]
2025-05-30 20:00:06,024 - Step 24 at Episode 0  Reward details: Short-term: 0.04007579291118217 Long-term: -0.1965941680880514 Total Reward (clipped): -0.06006043297819892
2025-05-30 20:00:06,024 - Step 24 | Invalid Action Penalty: -1.5000000000000002
2025-05-30 20:00:06,024 -  Current Total Reward: -1.560060432978199

2025-05-30 20:00:07,910 - Observation: [ 6.47609055e-01  1.42019093e-01  1.60099939e-02  5.03621399e-01
  5.01339436e-01  4.98721600e-01  4.18636531e-01  1.16039529e-01
  3.65200192e-02  5.01107097e-01  4.99776900e-01  5.00720382e-01
  5.52005887e-01  1.23474985e-01  2.13399809e-02  4.98987496e-01
  4.98658180e-01  4.99826431e-01  6.19897723e-01  9.95783806e-02
  3.41600031e-02  4.99035716e-01  4.99378830e-01  4.98284876e-01
  9.70930278e-01  2.85155997e-02  9.99445856e-01  4.99302328e-01
  4.97927040e-01  4.72293735e-01  2.58201927e-01  1.92307696e-01
  1.10000002e+00 -1.00000000e+00  0.00000000e+00  3.44913069e+01
  0.00000000e+00  5.00000000e-01  0.00000000e+00  1.00000000e-01
  1.24734111e+01  7.78831534e-03  4.92911600e-01 -1.00000000e+00
  8.00000000e-02  1.48778769e+01  5.22369475e-03  4.95993372e-01
  0.00000000e+00  1.70000000e-01  1.06414982e+01  1.55193993e-02
  4.91742013e-01  3.08487117e-01  4.04077917e-01  4.71540362e-01
  2.91271925e-01  4.04077917e-01  5.58904767e-01  3.68611276e-01
  1.09061712e-01  3.47688335e-01  5.43249882e-01  0.00000000e+00
  3.54958766e-01  6.45041163e-01  2.35739765e-02  1.33179970e-01
  8.43245983e-01  2.00766429e-01  8.27628464e-02  7.16470654e-01]
2025-05-30 20:00:07,911 - Step 25 at Episode 0  Reward details: Short-term: 0.04610772841523947 Long-term: -0.2163592361166136 Total Reward (clipped): -0.06040368361438127
2025-05-30 20:00:07,911 - Step 25 | Invalid Action Penalty: -1.0
2025-05-30 20:00:07,911 -  Current Total Reward: -1.0604036836143813

2025-05-30 20:00:09,828 - Observation: [5.25987566e-01 1.88885093e-01 1.70999914e-02 5.02151787e-01
 4.99881476e-01 4.98734444e-01 3.33797395e-01 1.20365061e-01
 3.65200490e-02 4.99021441e-01 4.96848166e-01 5.00263870e-01
 6.18625879e-01 1.15748495e-01 2.21199952e-02 5.00455320e-01
 4.99887496e-01 4.99744952e-01 5.73979318e-01 1.03579126e-01
 3.69199812e-02 4.98214275e-01 4.97668505e-01 4.97647703e-01
 9.68970597e-01 3.03726755e-02 9.99343276e-01 4.99302328e-01
 4.97414052e-01 4.67163742e-01 2.58211344e-01 1.81818187e-01
 1.10000002e+00 1.00000000e+00 1.00000000e-02 3.47831140e+01
 2.78758068e-04 5.00000000e-01 1.00000000e+00 1.10000000e-01
 1.25465565e+01 8.50088311e-03 4.90024591e-01 0.00000000e+00
 8.00000000e-02 1.47923157e+01 5.24384354e-03 4.97855400e-01
 1.00000000e+00 1.80000000e-01 1.06620888e+01 1.63691495e-02
 4.90357416e-01 3.16487849e-01 4.24942613e-01 4.94563907e-01
 2.83314824e-01 4.24942613e-01 7.14240730e-01 3.74575108e-01
 3.68769726e-01 8.33929776e-02 5.47837229e-01 1.15798990e-01
 3.31108021e-01 5.53092921e-01 7.00242333e-02 1.52908328e-01
 7.77067372e-01 3.19991628e-01 1.70136538e-01 5.09871766e-01]
2025-05-30 20:00:09,830 - Step 26 at Episode 0  Reward details: Short-term: 0.016539252616464342 Long-term: -0.21625841014724348 Total Reward (clipped): -0.0815415882739581
2025-05-30 20:00:09,830 - Step 26 | Invalid Action Penalty: -0.5
2025-05-30 20:00:09,830 -  Current Total Reward: -0.5815415882739581

